<?xml version="1.0" encoding="utf-8"?><testsuites><testsuite name="pytest" errors="0" failures="0" skipped="0" tests="3" time="19.288" timestamp="2025-01-27T16:15:35.693397+02:00" hostname="DESKTOP-KPL3E4C"><testcase classname="test_e2e.TestOne" name="test_e2e" time="13.249" /><testcase classname="test_home_page.TestHomePage" name="test_form_submission[get_data0]" time="5.129" /><testcase classname="test_home_page.TestHomePage" name="test_form_submission[get_data1]" time="0.807" /></testsuite></testsuites>